## [0.0.1] - 2020-08-26
### Changed
    replace User to CustomUser
    fix Test for new UserClass
### Removed
    Student class

## [0.0.1] - 2020-08-20
### Add
    Test_create_user_to_log_in class

## [0.0.1] - 2020-08-19
### Add
    Test_check_requirement class

## [0.0.1] - 2020-08-11
### Add
    create full authentication for student and supervisor

## [0.0.1] - 2020-08-09
### Add
 - validation data in organization choosing

## [0.0.1] - 2020-08-08
### Add
 - organizations_dorm, organizations_dorm_associative_oraganaizor,organizations_organization tables
 - organizations module
 - dorms loaded from table from db in login view
### Changed
 - cut some elements from security to organizations
### Removed
    security tables

## [0.0.1] - 2020-08-06
### Changed
 - organization view loading organization from db

## [0.0.1] - 2020-08-04
### Add
 - organization view

## [0.0.1] - 2020-07-30
### Added
 - docker

## [0.0.1] - 2020-07-29
### Changed
 - home,login view. Start using django templates engine.

### Added
 - main view

## [0.0.1] - 2020-07-21
### Added
 - login, logout, redirect if user is logout or no
