2024-01-18T00:01:36.000+01:00  INFO 5745 --- [SpringApplicationShutdownHook] j.LocalContainerEntityManagerFactoryBean : Closing JPA EntityManagerFactory for persistence unit 'default'
2024-01-18T00:01:36.010+01:00  INFO 5745 --- [SpringApplicationShutdownHook] com.zaxxer.hikari.HikariDataSource       : HikariPool-1 - Shutdown initiated...
2024-01-18T00:01:36.014+01:00  INFO 5745 --- [SpringApplicationShutdownHook] com.zaxxer.hikari.HikariDataSource       : HikariPool-1 - Shutdown completed.
2024-01-18T00:04:08.529+01:00  INFO 7236 --- [restartedMain] k.m.CodingtechniquesTutorialApplication  : Starting CodingtechniquesTutorialApplication using Java 17.0.9 with PID 7236 (/home/tkacza2/AAA/programing/magisterka/Java/DormitoryNotebooksJava/target/classes started by tkacza2 in /home/tkacza2/AAA/programing/magisterka/Java/DormitoryNotebooksJava)
2024-01-18T00:04:08.531+01:00  INFO 7236 --- [restartedMain] k.m.CodingtechniquesTutorialApplication  : No active profile set, falling back to 1 default profile: "default"
2024-01-18T00:04:08.562+01:00  INFO 7236 --- [restartedMain] .e.DevToolsPropertyDefaultsPostProcessor : Devtools property defaults active! Set 'spring.devtools.add-properties' to 'false' to disable
2024-01-18T00:04:08.563+01:00  INFO 7236 --- [restartedMain] .e.DevToolsPropertyDefaultsPostProcessor : For additional web related logging consider setting the 'logging.level.web' property to 'DEBUG'
2024-01-18T00:04:08.921+01:00  INFO 7236 --- [restartedMain] .s.d.r.c.RepositoryConfigurationDelegate : Bootstrapping Spring Data JPA repositories in DEFAULT mode.
2024-01-18T00:04:08.958+01:00  INFO 7236 --- [restartedMain] .s.d.r.c.RepositoryConfigurationDelegate : Finished Spring Data repository scanning in 33 ms. Found 3 JPA repository interfaces.
2024-01-18T00:04:09.310+01:00  INFO 7236 --- [restartedMain] o.s.b.w.embedded.tomcat.TomcatWebServer  : Tomcat initialized with port(s): 8080 (http)
2024-01-18T00:04:09.316+01:00  INFO 7236 --- [restartedMain] o.apache.catalina.core.StandardService   : Starting service [Tomcat]
2024-01-18T00:04:09.316+01:00  INFO 7236 --- [restartedMain] o.apache.catalina.core.StandardEngine    : Starting Servlet engine: [Apache Tomcat/10.1.12]
2024-01-18T00:04:09.356+01:00  INFO 7236 --- [restartedMain] o.a.c.c.C.[Tomcat].[localhost].[/]       : Initializing Spring embedded WebApplicationContext
2024-01-18T00:04:09.357+01:00  INFO 7236 --- [restartedMain] w.s.c.ServletWebServerApplicationContext : Root WebApplicationContext: initialization completed in 793 ms
2024-01-18T00:04:09.447+01:00  INFO 7236 --- [restartedMain] o.hibernate.jpa.internal.util.LogHelper  : HHH000204: Processing PersistenceUnitInfo [name: default]
2024-01-18T00:04:09.479+01:00  INFO 7236 --- [restartedMain] org.hibernate.Version                    : HHH000412: Hibernate ORM core version 6.2.7.Final
2024-01-18T00:04:09.480+01:00  INFO 7236 --- [restartedMain] org.hibernate.cfg.Environment            : HHH000406: Using bytecode reflection optimizer
2024-01-18T00:04:09.546+01:00  INFO 7236 --- [restartedMain] o.h.b.i.BytecodeProviderInitiator        : HHH000021: Bytecode provider name : bytebuddy
2024-01-18T00:04:09.607+01:00  INFO 7236 --- [restartedMain] o.s.o.j.p.SpringPersistenceUnitInfo      : No LoadTimeWeaver setup: ignoring JPA class transformer
2024-01-18T00:04:09.616+01:00  INFO 7236 --- [restartedMain] com.zaxxer.hikari.HikariDataSource       : HikariPool-1 - Starting...
2024-01-18T00:04:09.801+01:00  INFO 7236 --- [restartedMain] com.zaxxer.hikari.pool.HikariPool        : HikariPool-1 - Added connection com.mysql.cj.jdbc.ConnectionImpl@22d548eb
2024-01-18T00:04:09.802+01:00  INFO 7236 --- [restartedMain] com.zaxxer.hikari.HikariDataSource       : HikariPool-1 - Start completed.
2024-01-18T00:04:09.953+01:00  INFO 7236 --- [restartedMain] o.h.b.i.BytecodeProviderInitiator        : HHH000021: Bytecode provider name : bytebuddy
2024-01-18T00:04:10.308+01:00  INFO 7236 --- [restartedMain] o.h.e.t.j.p.i.JtaPlatformInitiator       : HHH000490: Using JtaPlatform implementation: [org.hibernate.engine.transaction.jta.platform.internal.NoJtaPlatform]
2024-01-18T00:04:10.377+01:00  INFO 7236 --- [restartedMain] j.LocalContainerEntityManagerFactoryBean : Initialized JPA EntityManagerFactory for persistence unit 'default'
2024-01-18T00:04:10.654+01:00  WARN 7236 --- [restartedMain] JpaBaseConfiguration$JpaWebConfiguration : spring.jpa.open-in-view is enabled by default. Therefore, database queries may be performed during view rendering. Explicitly configure spring.jpa.open-in-view to disable this warning
2024-01-18T00:04:10.807+01:00  INFO 7236 --- [restartedMain] o.s.s.web.DefaultSecurityFilterChain     : Will secure any request with [org.springframework.security.web.session.DisableEncodeUrlFilter@60073334, org.springframework.security.web.context.request.async.WebAsyncManagerIntegrationFilter@2ab8f0ba, org.springframework.security.web.context.SecurityContextHolderFilter@3707d596, org.springframework.security.web.header.HeaderWriterFilter@ee2433d, org.springframework.security.web.authentication.logout.LogoutFilter@706ee551, org.springframework.security.web.authentication.UsernamePasswordAuthenticationFilter@14b93405, org.springframework.security.web.savedrequest.RequestCacheAwareFilter@839e99b, org.springframework.security.web.servletapi.SecurityContextHolderAwareRequestFilter@769919c0, org.springframework.security.web.authentication.AnonymousAuthenticationFilter@777cf0f4, org.springframework.security.web.access.ExceptionTranslationFilter@3484b808, org.springframework.security.web.access.intercept.AuthorizationFilter@4e209ab4]
2024-01-18T00:04:10.934+01:00  INFO 7236 --- [restartedMain] o.s.b.d.a.OptionalLiveReloadServer       : LiveReload server is running on port 35729
2024-01-18T00:04:10.954+01:00  INFO 7236 --- [restartedMain] o.s.b.w.embedded.tomcat.TomcatWebServer  : Tomcat started on port(s): 8080 (http) with context path ''
2024-01-18T00:04:10.961+01:00  INFO 7236 --- [restartedMain] k.m.CodingtechniquesTutorialApplication  : Started CodingtechniquesTutorialApplication in 2.66 seconds (process running for 2.863)
2024-01-18T00:04:59.996+01:00  INFO 7236 --- [http-nio-8080-exec-1] o.a.c.c.C.[Tomcat].[localhost].[/]       : Initializing Spring DispatcherServlet 'dispatcherServlet'
2024-01-18T00:04:59.997+01:00  INFO 7236 --- [http-nio-8080-exec-1] o.s.web.servlet.DispatcherServlet        : Initializing Servlet 'dispatcherServlet'
2024-01-18T00:04:59.998+01:00  INFO 7236 --- [http-nio-8080-exec-1] o.s.web.servlet.DispatcherServlet        : Completed initialization in 1 ms
2024-01-18T00:05:00.159+01:00 DEBUG 7236 --- [http-nio-8080-exec-3] org.hibernate.SQL                        : select o1_0.id,o1_0.acronym,o1_0.name from organization o1_0
2024-01-18T00:05:01.934+01:00 DEBUG 7236 --- [http-nio-8080-exec-3] org.hibernate.SQL                        : select o1_0.id,o1_0.acronym,o1_0.name from organization o1_0 where o1_0.acronym=?
2024-01-18T00:05:01.966+01:00 DEBUG 7236 --- [http-nio-8080-exec-5] org.hibernate.SQL                        : select o1_0.id,o1_0.acronym,o1_0.name from organization o1_0 where o1_0.acronym=?
2024-01-18T00:05:01.970+01:00 DEBUG 7236 --- [http-nio-8080-exec-5] org.hibernate.SQL                        : select d1_0.organization_id,d1_1.id,d1_1.name from organization_dorm d1_0 join dorm d1_1 on d1_1.id=d1_0.dorm_id where d1_0.organization_id=?
2024-01-18T00:05:03.826+01:00 DEBUG 7236 --- [http-nio-8080-exec-1] org.hibernate.SQL                        : select u1_0.id,u1_0.email,u1_0.fullname,u1_0.password,u1_0.role from users u1_0 where u1_0.email=?
2024-01-18T00:05:03.913+01:00 DEBUG 7236 --- [http-nio-8080-exec-2] org.hibernate.SQL                        : select u1_0.id,u1_0.email,u1_0.fullname,u1_0.password,u1_0.role from users u1_0 where u1_0.email=?
2024-01-18T00:05:05.168+01:00 DEBUG 7236 --- [http-nio-8080-exec-4] org.hibernate.SQL                        : select o1_0.id,o1_0.acronym,o1_0.name from organization o1_0 where o1_0.acronym=?
2024-01-18T00:05:05.170+01:00 DEBUG 7236 --- [http-nio-8080-exec-4] org.hibernate.SQL                        : select d1_0.organization_id,d1_1.id,d1_1.name from organization_dorm d1_0 join dorm d1_1 on d1_1.id=d1_0.dorm_id where d1_0.organization_id=?
2024-01-18T00:05:07.462+01:00  INFO 7236 --- [SpringApplicationShutdownHook] j.LocalContainerEntityManagerFactoryBean : Closing JPA EntityManagerFactory for persistence unit 'default'
2024-01-18T00:05:07.465+01:00  INFO 7236 --- [SpringApplicationShutdownHook] com.zaxxer.hikari.HikariDataSource       : HikariPool-1 - Shutdown initiated...
2024-01-18T00:05:07.470+01:00  INFO 7236 --- [SpringApplicationShutdownHook] com.zaxxer.hikari.HikariDataSource       : HikariPool-1 - Shutdown completed.
2024-01-18T00:05:14.145+01:00  INFO 7443 --- [restartedMain] k.m.CodingtechniquesTutorialApplication  : Starting CodingtechniquesTutorialApplication using Java 17.0.9 with PID 7443 (/home/tkacza2/AAA/programing/magisterka/Java/DormitoryNotebooksJava/target/classes started by tkacza2 in /home/tkacza2/AAA/programing/magisterka/Java/DormitoryNotebooksJava)
2024-01-18T00:05:14.147+01:00  INFO 7443 --- [restartedMain] k.m.CodingtechniquesTutorialApplication  : No active profile set, falling back to 1 default profile: "default"
2024-01-18T00:05:14.179+01:00  INFO 7443 --- [restartedMain] .e.DevToolsPropertyDefaultsPostProcessor : Devtools property defaults active! Set 'spring.devtools.add-properties' to 'false' to disable
2024-01-18T00:05:14.179+01:00  INFO 7443 --- [restartedMain] .e.DevToolsPropertyDefaultsPostProcessor : For additional web related logging consider setting the 'logging.level.web' property to 'DEBUG'
2024-01-18T00:05:14.554+01:00  INFO 7443 --- [restartedMain] .s.d.r.c.RepositoryConfigurationDelegate : Bootstrapping Spring Data JPA repositories in DEFAULT mode.
2024-01-18T00:05:14.593+01:00  INFO 7443 --- [restartedMain] .s.d.r.c.RepositoryConfigurationDelegate : Finished Spring Data repository scanning in 34 ms. Found 3 JPA repository interfaces.
2024-01-18T00:05:14.968+01:00  INFO 7443 --- [restartedMain] o.s.b.w.embedded.tomcat.TomcatWebServer  : Tomcat initialized with port(s): 8080 (http)
2024-01-18T00:05:14.974+01:00  INFO 7443 --- [restartedMain] o.apache.catalina.core.StandardService   : Starting service [Tomcat]
2024-01-18T00:05:14.975+01:00  INFO 7443 --- [restartedMain] o.apache.catalina.core.StandardEngine    : Starting Servlet engine: [Apache Tomcat/10.1.12]
2024-01-18T00:05:15.012+01:00  INFO 7443 --- [restartedMain] o.a.c.c.C.[Tomcat].[localhost].[/]       : Initializing Spring embedded WebApplicationContext
2024-01-18T00:05:15.012+01:00  INFO 7443 --- [restartedMain] w.s.c.ServletWebServerApplicationContext : Root WebApplicationContext: initialization completed in 833 ms
2024-01-18T00:05:15.055+01:00  WARN 7443 --- [restartedMain] o.a.c.c.C.[Tomcat].[localhost].[/]       : Cannot deserialize session attribute [SPRING_SECURITY_CONTEXT] for session [71316B8B8927F4B6DC0083C246DFA015]
2024-01-18T00:05:15.056+01:00 ERROR 7443 --- [restartedMain] o.a.catalina.session.StandardManager     : Exception loading sessions from persistent storage

java.lang.ClassCastException: class java.io.ObjectStreamClass cannot be cast to class java.lang.String (java.io.ObjectStreamClass and java.lang.String are in module java.base of loader 'bootstrap')
	at java.base/java.io.ObjectInputStream.readTypeString(ObjectInputStream.java:1810) ~[na:na]
	at java.base/java.io.ObjectStreamClass.readNonProxy(ObjectStreamClass.java:708) ~[na:na]
	at java.base/java.io.ObjectInputStream.readClassDescriptor(ObjectInputStream.java:983) ~[na:na]
	at java.base/java.io.ObjectInputStream.readNonProxyDesc(ObjectInputStream.java:2023) ~[na:na]
	at java.base/java.io.ObjectInputStream.readClassDesc(ObjectInputStream.java:1898) ~[na:na]
	at java.base/java.io.ObjectInputStream.readOrdinaryObject(ObjectInputStream.java:2224) ~[na:na]
	at java.base/java.io.ObjectInputStream.readObject0(ObjectInputStream.java:1733) ~[na:na]
	at java.base/java.io.ObjectInputStream.readObject(ObjectInputStream.java:509) ~[na:na]
	at java.base/java.io.ObjectInputStream.readObject(ObjectInputStream.java:467) ~[na:na]
	at org.apache.catalina.session.StandardSession.doReadObject(StandardSession.java:1418) ~[tomcat-embed-core-10.1.12.jar:10.1.12]
	at org.apache.catalina.session.StandardSession.readObjectData(StandardSession.java:988) ~[tomcat-embed-core-10.1.12.jar:10.1.12]
	at org.apache.catalina.session.StandardManager.doLoad(StandardManager.java:210) ~[tomcat-embed-core-10.1.12.jar:10.1.12]
	at org.apache.catalina.session.StandardManager.load(StandardManager.java:156) ~[tomcat-embed-core-10.1.12.jar:10.1.12]
	at org.apache.catalina.session.StandardManager.startInternal(StandardManager.java:346) ~[tomcat-embed-core-10.1.12.jar:10.1.12]
	at org.apache.catalina.util.LifecycleBase.start(LifecycleBase.java:183) ~[tomcat-embed-core-10.1.12.jar:10.1.12]
	at org.apache.catalina.core.StandardContext.startInternal(StandardContext.java:4913) ~[tomcat-embed-core-10.1.12.jar:10.1.12]
	at org.apache.catalina.util.LifecycleBase.start(LifecycleBase.java:183) ~[tomcat-embed-core-10.1.12.jar:10.1.12]
	at org.apache.catalina.core.ContainerBase$StartChild.call(ContainerBase.java:1328) ~[tomcat-embed-core-10.1.12.jar:10.1.12]
	at org.apache.catalina.core.ContainerBase$StartChild.call(ContainerBase.java:1318) ~[tomcat-embed-core-10.1.12.jar:10.1.12]
	at java.base/java.util.concurrent.FutureTask.run(FutureTask.java:264) ~[na:na]
	at org.apache.tomcat.util.threads.InlineExecutorService.execute(InlineExecutorService.java:75) ~[tomcat-embed-core-10.1.12.jar:10.1.12]
	at java.base/java.util.concurrent.AbstractExecutorService.submit(AbstractExecutorService.java:145) ~[na:na]
	at org.apache.catalina.core.ContainerBase.startInternal(ContainerBase.java:866) ~[tomcat-embed-core-10.1.12.jar:10.1.12]
	at org.apache.catalina.core.StandardHost.startInternal(StandardHost.java:846) ~[tomcat-embed-core-10.1.12.jar:10.1.12]
	at org.apache.catalina.util.LifecycleBase.start(LifecycleBase.java:183) ~[tomcat-embed-core-10.1.12.jar:10.1.12]
	at org.apache.catalina.core.ContainerBase$StartChild.call(ContainerBase.java:1328) ~[tomcat-embed-core-10.1.12.jar:10.1.12]
	at org.apache.catalina.core.ContainerBase$StartChild.call(ContainerBase.java:1318) ~[tomcat-embed-core-10.1.12.jar:10.1.12]
	at java.base/java.util.concurrent.FutureTask.run(FutureTask.java:264) ~[na:na]
	at org.apache.tomcat.util.threads.InlineExecutorService.execute(InlineExecutorService.java:75) ~[tomcat-embed-core-10.1.12.jar:10.1.12]
	at java.base/java.util.concurrent.AbstractExecutorService.submit(AbstractExecutorService.java:145) ~[na:na]
	at org.apache.catalina.core.ContainerBase.startInternal(ContainerBase.java:866) ~[tomcat-embed-core-10.1.12.jar:10.1.12]
	at org.apache.catalina.core.StandardEngine.startInternal(StandardEngine.java:241) ~[tomcat-embed-core-10.1.12.jar:10.1.12]
	at org.apache.catalina.util.LifecycleBase.start(LifecycleBase.java:183) ~[tomcat-embed-core-10.1.12.jar:10.1.12]
	at org.apache.catalina.core.StandardService.startInternal(StandardService.java:428) ~[tomcat-embed-core-10.1.12.jar:10.1.12]
	at org.apache.catalina.util.LifecycleBase.start(LifecycleBase.java:183) ~[tomcat-embed-core-10.1.12.jar:10.1.12]
	at org.apache.catalina.core.StandardServer.startInternal(StandardServer.java:918) ~[tomcat-embed-core-10.1.12.jar:10.1.12]
	at org.apache.catalina.util.LifecycleBase.start(LifecycleBase.java:183) ~[tomcat-embed-core-10.1.12.jar:10.1.12]
	at org.apache.catalina.startup.Tomcat.start(Tomcat.java:485) ~[tomcat-embed-core-10.1.12.jar:10.1.12]
	at org.springframework.boot.web.embedded.tomcat.TomcatWebServer.initialize(TomcatWebServer.java:123) ~[spring-boot-3.1.3.jar:3.1.3]
	at org.springframework.boot.web.embedded.tomcat.TomcatWebServer.<init>(TomcatWebServer.java:104) ~[spring-boot-3.1.3.jar:3.1.3]
	at org.springframework.boot.web.embedded.tomcat.TomcatServletWebServerFactory.getTomcatWebServer(TomcatServletWebServerFactory.java:489) ~[spring-boot-3.1.3.jar:3.1.3]
	at org.springframework.boot.web.embedded.tomcat.TomcatServletWebServerFactory.getWebServer(TomcatServletWebServerFactory.java:211) ~[spring-boot-3.1.3.jar:3.1.3]
	at org.springframework.boot.web.servlet.context.ServletWebServerApplicationContext.createWebServer(ServletWebServerApplicationContext.java:183) ~[spring-boot-3.1.3.jar:3.1.3]
	at org.springframework.boot.web.servlet.context.ServletWebServerApplicationContext.onRefresh(ServletWebServerApplicationContext.java:161) ~[spring-boot-3.1.3.jar:3.1.3]
	at org.springframework.context.support.AbstractApplicationContext.refresh(AbstractApplicationContext.java:602) ~[spring-context-6.0.11.jar:6.0.11]
	at org.springframework.boot.web.servlet.context.ServletWebServerApplicationContext.refresh(ServletWebServerApplicationContext.java:146) ~[spring-boot-3.1.3.jar:3.1.3]
	at org.springframework.boot.SpringApplication.refresh(SpringApplication.java:734) ~[spring-boot-3.1.3.jar:3.1.3]
	at org.springframework.boot.SpringApplication.refreshContext(SpringApplication.java:436) ~[spring-boot-3.1.3.jar:3.1.3]
	at org.springframework.boot.SpringApplication.run(SpringApplication.java:312) ~[spring-boot-3.1.3.jar:3.1.3]
	at org.springframework.boot.SpringApplication.run(SpringApplication.java:1306) ~[spring-boot-3.1.3.jar:3.1.3]
	at org.springframework.boot.SpringApplication.run(SpringApplication.java:1295) ~[spring-boot-3.1.3.jar:3.1.3]
	at kaczuch.master_thesis.CodingtechniquesTutorialApplication.main(CodingtechniquesTutorialApplication.java:10) ~[classes/:na]
	at java.base/jdk.internal.reflect.NativeMethodAccessorImpl.invoke0(Native Method) ~[na:na]
	at java.base/jdk.internal.reflect.NativeMethodAccessorImpl.invoke(NativeMethodAccessorImpl.java:77) ~[na:na]
	at java.base/jdk.internal.reflect.DelegatingMethodAccessorImpl.invoke(DelegatingMethodAccessorImpl.java:43) ~[na:na]
	at java.base/java.lang.reflect.Method.invoke(Method.java:568) ~[na:na]
	at org.springframework.boot.devtools.restart.RestartLauncher.run(RestartLauncher.java:50) ~[spring-boot-devtools-3.1.3.jar:3.1.3]

2024-01-18T00:05:15.151+01:00  INFO 7443 --- [restartedMain] o.hibernate.jpa.internal.util.LogHelper  : HHH000204: Processing PersistenceUnitInfo [name: default]
2024-01-18T00:05:15.180+01:00  INFO 7443 --- [restartedMain] org.hibernate.Version                    : HHH000412: Hibernate ORM core version 6.2.7.Final
2024-01-18T00:05:15.183+01:00  INFO 7443 --- [restartedMain] org.hibernate.cfg.Environment            : HHH000406: Using bytecode reflection optimizer
2024-01-18T00:05:15.269+01:00  INFO 7443 --- [restartedMain] o.h.b.i.BytecodeProviderInitiator        : HHH000021: Bytecode provider name : bytebuddy
2024-01-18T00:05:15.344+01:00  INFO 7443 --- [restartedMain] o.s.o.j.p.SpringPersistenceUnitInfo      : No LoadTimeWeaver setup: ignoring JPA class transformer
2024-01-18T00:05:15.354+01:00  INFO 7443 --- [restartedMain] com.zaxxer.hikari.HikariDataSource       : HikariPool-1 - Starting...
2024-01-18T00:05:15.561+01:00  INFO 7443 --- [restartedMain] com.zaxxer.hikari.pool.HikariPool        : HikariPool-1 - Added connection com.mysql.cj.jdbc.ConnectionImpl@347c9e18
2024-01-18T00:05:15.562+01:00  INFO 7443 --- [restartedMain] com.zaxxer.hikari.HikariDataSource       : HikariPool-1 - Start completed.
2024-01-18T00:05:15.765+01:00  INFO 7443 --- [restartedMain] o.h.b.i.BytecodeProviderInitiator        : HHH000021: Bytecode provider name : bytebuddy
2024-01-18T00:05:16.148+01:00  INFO 7443 --- [restartedMain] o.h.e.t.j.p.i.JtaPlatformInitiator       : HHH000490: Using JtaPlatform implementation: [org.hibernate.engine.transaction.jta.platform.internal.NoJtaPlatform]
2024-01-18T00:05:16.222+01:00  INFO 7443 --- [restartedMain] j.LocalContainerEntityManagerFactoryBean : Initialized JPA EntityManagerFactory for persistence unit 'default'
2024-01-18T00:05:16.533+01:00  WARN 7443 --- [restartedMain] JpaBaseConfiguration$JpaWebConfiguration : spring.jpa.open-in-view is enabled by default. Therefore, database queries may be performed during view rendering. Explicitly configure spring.jpa.open-in-view to disable this warning
2024-01-18T00:05:16.708+01:00  INFO 7443 --- [restartedMain] o.s.s.web.DefaultSecurityFilterChain     : Will secure any request with [org.springframework.security.web.session.DisableEncodeUrlFilter@30c2cee0, org.springframework.security.web.context.request.async.WebAsyncManagerIntegrationFilter@21b8238b, org.springframework.security.web.context.SecurityContextHolderFilter@43ca7cfc, org.springframework.security.web.header.HeaderWriterFilter@49a4c366, org.springframework.security.web.authentication.logout.LogoutFilter@3ba6d943, org.springframework.security.web.authentication.UsernamePasswordAuthenticationFilter@2d206638, org.springframework.security.web.savedrequest.RequestCacheAwareFilter@4514c21b, org.springframework.security.web.servletapi.SecurityContextHolderAwareRequestFilter@3214e2e1, org.springframework.security.web.authentication.AnonymousAuthenticationFilter@f879022, org.springframework.security.web.access.ExceptionTranslationFilter@3f580154, org.springframework.security.web.access.intercept.AuthorizationFilter@51a80863]
2024-01-18T00:05:16.837+01:00  INFO 7443 --- [restartedMain] o.s.b.d.a.OptionalLiveReloadServer       : LiveReload server is running on port 35729
2024-01-18T00:05:16.856+01:00  INFO 7443 --- [restartedMain] o.s.b.w.embedded.tomcat.TomcatWebServer  : Tomcat started on port(s): 8080 (http) with context path ''
2024-01-18T00:05:16.863+01:00  INFO 7443 --- [restartedMain] k.m.CodingtechniquesTutorialApplication  : Started CodingtechniquesTutorialApplication in 2.994 seconds (process running for 3.224)
2024-01-18T00:05:17.041+01:00  INFO 7443 --- [http-nio-8080-exec-1] o.a.c.c.C.[Tomcat].[localhost].[/]       : Initializing Spring DispatcherServlet 'dispatcherServlet'
2024-01-18T00:05:17.041+01:00  INFO 7443 --- [http-nio-8080-exec-1] o.s.web.servlet.DispatcherServlet        : Initializing Servlet 'dispatcherServlet'
2024-01-18T00:05:17.043+01:00  INFO 7443 --- [http-nio-8080-exec-1] o.s.web.servlet.DispatcherServlet        : Completed initialization in 2 ms
2024-01-18T00:05:17.161+01:00 DEBUG 7443 --- [http-nio-8080-exec-1] org.hibernate.SQL                        : select o1_0.id,o1_0.acronym,o1_0.name from organization o1_0
2024-01-18T00:05:20.922+01:00 DEBUG 7443 --- [http-nio-8080-exec-1] org.hibernate.SQL                        : select o1_0.id,o1_0.acronym,o1_0.name from organization o1_0 where o1_0.acronym=?
2024-01-18T00:05:20.960+01:00 DEBUG 7443 --- [http-nio-8080-exec-6] org.hibernate.SQL                        : select o1_0.id,o1_0.acronym,o1_0.name from organization o1_0 where o1_0.acronym=?
2024-01-18T00:05:20.966+01:00 DEBUG 7443 --- [http-nio-8080-exec-6] org.hibernate.SQL                        : select d1_0.organization_id,d1_1.id,d1_1.name from organization_dorm d1_0 join dorm d1_1 on d1_1.id=d1_0.dorm_id where d1_0.organization_id=?
2024-01-18T00:05:22.314+01:00 DEBUG 7443 --- [http-nio-8080-exec-8] org.hibernate.SQL                        : select u1_0.id,u1_0.email,u1_0.fullname,u1_0.password,u1_0.role from users u1_0 where u1_0.email=?
2024-01-18T00:05:22.399+01:00 DEBUG 7443 --- [http-nio-8080-exec-9] org.hibernate.SQL                        : select u1_0.id,u1_0.email,u1_0.fullname,u1_0.password,u1_0.role from users u1_0 where u1_0.email=?
2024-01-18T00:05:23.249+01:00 DEBUG 7443 --- [http-nio-8080-exec-2] org.hibernate.SQL                        : select o1_0.id,o1_0.acronym,o1_0.name from organization o1_0 where o1_0.acronym=?
2024-01-18T00:05:23.251+01:00 DEBUG 7443 --- [http-nio-8080-exec-2] org.hibernate.SQL                        : select d1_0.organization_id,d1_1.id,d1_1.name from organization_dorm d1_0 join dorm d1_1 on d1_1.id=d1_0.dorm_id where d1_0.organization_id=?
2024-01-18T00:05:23.753+01:00 DEBUG 7443 --- [http-nio-8080-exec-4] org.hibernate.SQL                        : select o1_0.id,o1_0.acronym,o1_0.name from organization o1_0
